app/build/intermediates/manifest_merge_blame_file/debug/manifest-merger-blame-debug-report.txt
1<?xml version="1.0" encoding="utf-8"?>
2<manifest xmlns:android="http://schemas.android.com/apk/res/android"
3    package="com.dq.itopic"
4    android:versionCode="40"
5    android:versionName="11.0" >
6
7    <uses-sdk
8        android:minSdkVersion="19"
8-->src\main\AndroidManifest.xml
9        android:targetSdkVersion="29" />
9-->src\main\AndroidManifest.xml
10
11    <!-- 这个权限用于进行网络定位 -->
12    <uses-permission android:name="android.permission.ACCESS_COARSE_LOCATION" />
12-->src\main\AndroidManifest.xml:199:5-81
12-->src\main\AndroidManifest.xml:199:22-78
13
14    <!-- 这个权限用于访问GPS定位 -->
15    <uses-permission android:name="android.permission.ACCESS_FINE_LOCATION" />
15-->src\main\AndroidManifest.xml:202:5-79
15-->src\main\AndroidManifest.xml:202:22-76
16
17    <!-- 用于访问wifi网络信息，wifi信息会用于进行网络定位 -->
18    <uses-permission android:name="android.permission.ACCESS_WIFI_STATE" />
18-->src\main\AndroidManifest.xml:205:5-76
18-->src\main\AndroidManifest.xml:205:22-73
19
20    <!-- 获取运营商信息，用于支持提供运营商信息相关的接口 -->
21    <uses-permission android:name="android.permission.ACCESS_NETWORK_STATE" />
21-->src\main\AndroidManifest.xml:208:5-79
21-->src\main\AndroidManifest.xml:208:22-76
22
23    <!-- 这个权限用于获取wifi的获取权限，wifi信息会用来进行网络定位 -->
24    <uses-permission android:name="android.permission.CHANGE_WIFI_STATE" />
24-->src\main\AndroidManifest.xml:211:5-76
24-->src\main\AndroidManifest.xml:211:22-73
25
26    <!-- 用于读取手机当前的状态 -->
27    <uses-permission android:name="android.permission.READ_PHONE_STATE" />
27-->src\main\AndroidManifest.xml:214:5-75
27-->src\main\AndroidManifest.xml:214:22-72
28
29    <!-- 写入扩展存储，向扩展卡写入数据，用于写入离线定位数据 -->
30    <uses-permission android:name="android.permission.WRITE_EXTERNAL_STORAGE" />
30-->src\main\AndroidManifest.xml:217:5-81
30-->src\main\AndroidManifest.xml:217:22-78
31
32    <!-- 访问网络，网络定位需要上网 -->
33    <uses-permission android:name="android.permission.INTERNET" />
33-->src\main\AndroidManifest.xml:220:5-67
33-->src\main\AndroidManifest.xml:220:22-64
34
35    <!-- 读取相册 -->
36    <uses-permission android:name="android.permission.READ_EXTERNAL_STORAGE" />
36-->src\main\AndroidManifest.xml:223:5-80
36-->src\main\AndroidManifest.xml:223:22-77
37    <uses-permission android:name="android.permission.RECORD_AUDIO" />
37-->src\main\AndroidManifest.xml:225:5-71
37-->src\main\AndroidManifest.xml:225:22-68
38    <uses-permission android:name="android.permission.CAMERA" />
38-->src\main\AndroidManifest.xml:226:5-65
38-->src\main\AndroidManifest.xml:226:22-62
39    <uses-permission android:name="android.permission.AUTHENTICATE_ACCOUNTS" />
39-->src\main\AndroidManifest.xml:227:5-80
39-->src\main\AndroidManifest.xml:227:22-77
40    <uses-permission android:name="com.android.launcher.permission.READ_SETTINGS" />
40-->src\main\AndroidManifest.xml:228:5-85
40-->src\main\AndroidManifest.xml:228:22-82
41    <uses-permission android:name="android.permission.VIBRATE" />
41-->src\main\AndroidManifest.xml:230:5-66
41-->src\main\AndroidManifest.xml:230:22-63
42
43    <!-- 不锁屏，视频通话用到 -->
44    <uses-permission android:name="android.permission.WAKE_LOCK" />
44-->src\main\AndroidManifest.xml:233:5-68
44-->src\main\AndroidManifest.xml:233:22-65
45
46    <!-- 浮动通知权限 -->
47    <uses-permission android:name="android.permission.SYSTEM_ALERT_WINDOW" />
47-->src\main\AndroidManifest.xml:236:5-77
47-->src\main\AndroidManifest.xml:236:22-75
48    <uses-permission android:name="getui.permission.GetuiService.com.dq.itopic" />
48-->src\main\AndroidManifest.xml:237:22-83
49
50    <permission
51        android:name="getui.permission.GetuiService.com.dq.itopic"
51-->src\main\AndroidManifest.xml:239:9-70
52        android:protectionLevel="normal" />
52-->src\main\AndroidManifest.xml:240:9-41
53    <!-- 检查网络状态 -->
54    <uses-permission android:name="android.permission.CHANGE_NETWORK_STATE" /> <!-- 适配Android R包可见性 开始 -->
54-->[umeng-uverify-2.4.0.aar] AndroidManifest.xml:17:5-79
54-->[umeng-uverify-2.4.0.aar] AndroidManifest.xml:17:22-76
55    <queries package="com.dq.itopic" >
55-->[com.github.LuckSiege.PictureSelector:picture_library:v2.6.0] AndroidManifest.xml:14:5-21:15
55-->[com.github.LuckSiege.PictureSelector:picture_library:v2.6.0] AndroidManifest.xml:14:14-40
56        <intent>
56-->[com.github.LuckSiege.PictureSelector:picture_library:v2.6.0] AndroidManifest.xml:15:9-17:18
57            <action android:name="android.media.action.IMAGE_CAPTURE" />
57-->[com.github.LuckSiege.PictureSelector:picture_library:v2.6.0] AndroidManifest.xml:16:13-73
57-->[com.github.LuckSiege.PictureSelector:picture_library:v2.6.0] AndroidManifest.xml:16:21-70
58        </intent>
59        <intent>
59-->[com.github.LuckSiege.PictureSelector:picture_library:v2.6.0] AndroidManifest.xml:18:9-20:18
60            <action android:name="android.media.action.ACTION_VIDEO_CAPTURE" />
60-->[com.github.LuckSiege.PictureSelector:picture_library:v2.6.0] AndroidManifest.xml:19:13-80
60-->[com.github.LuckSiege.PictureSelector:picture_library:v2.6.0] AndroidManifest.xml:19:21-77
61        </intent>
62    </queries>
63
64    <permission
64-->[com.huawei.hms:push:5.0.4.302] AndroidManifest.xml:9:5-11:55
65        android:name="com.dq.itopic.permission.PROCESS_PUSH_MSG"
65-->[com.huawei.hms:push:5.0.4.302] AndroidManifest.xml:10:9-68
66        android:protectionLevel="signatureOrSystem" /> <!-- PUSH_PROVIDER and PUSH_WRITE_PROVIDER are both provider registered permissions for the notification switch. -->
66-->[com.huawei.hms:push:5.0.4.302] AndroidManifest.xml:11:9-52
67    <!-- The SDK's notification bar switch, EMUI 9.x becomes write to the local sp, sharing the file through the provider to the push-rom, which reads the sp file to get the status of the notification bar switch. -->
68    <permission
68-->[com.huawei.hms:push:5.0.4.302] AndroidManifest.xml:14:5-16:55
69        android:name="com.dq.itopic.permission.PUSH_PROVIDER"
69-->[com.huawei.hms:push:5.0.4.302] AndroidManifest.xml:15:9-65
70        android:protectionLevel="signatureOrSystem" />
70-->[com.huawei.hms:push:5.0.4.302] AndroidManifest.xml:16:9-52
71    <permission
71-->[com.huawei.hms:push:5.0.4.302] AndroidManifest.xml:17:5-19:55
72        android:name="com.dq.itopic.permission.PUSH_WRITE_PROVIDER"
72-->[com.huawei.hms:push:5.0.4.302] AndroidManifest.xml:18:9-71
73        android:protectionLevel="signatureOrSystem" />
73-->[com.huawei.hms:push:5.0.4.302] AndroidManifest.xml:19:9-52
74
75    <uses-permission android:name="com.dq.itopic.permission.PROCESS_PUSH_MSG" />
75-->[com.huawei.hms:push:5.0.4.302] AndroidManifest.xml:21:5-84
75-->[com.huawei.hms:push:5.0.4.302] AndroidManifest.xml:21:22-81
76    <uses-permission android:name="com.dq.itopic.permission.PUSH_PROVIDER" />
76-->[com.huawei.hms:push:5.0.4.302] AndroidManifest.xml:22:5-81
76-->[com.huawei.hms:push:5.0.4.302] AndroidManifest.xml:22:22-78
77    <uses-permission android:name="android.permission.FOREGROUND_SERVICE" /> <!-- 如果是安卓8.0，应用编译配置的targetSdkVersion>=26，请务必添加以下权限 -->
77-->[com.huawei.hms:push:5.0.4.302] AndroidManifest.xml:23:5-77
77-->[com.huawei.hms:push:5.0.4.302] AndroidManifest.xml:23:22-74
78    <uses-permission android:name="android.permission.REQUEST_INSTALL_PACKAGES" /> <!-- 应用市场9.0版本必须使用该权限获取用户的服务地 -->
78-->[com.huawei.hms:availableupdate:5.0.4.301] AndroidManifest.xml:16:5-83
78-->[com.huawei.hms:availableupdate:5.0.4.301] AndroidManifest.xml:16:22-80
79    <uses-permission android:name="com.huawei.appmarket.service.commondata.permission.GET_COMMON_DATA" />
79-->[com.huawei.hms:availableupdate:5.0.4.301] AndroidManifest.xml:18:5-106
79-->[com.huawei.hms:availableupdate:5.0.4.301] AndroidManifest.xml:18:22-103
80
81    <application
81-->src\main\AndroidManifest.xml:8:5-196:19
82        android:name="com.dq.itopic.manager.ITopicApplication"
82-->src\main\AndroidManifest.xml:9:9-63
83        android:allowBackup="true"
83-->src\main\AndroidManifest.xml:10:9-35
84        android:appComponentFactory="androidx.core.app.CoreComponentFactory"
84-->[androidx.core:core:1.3.0] AndroidManifest.xml:24:18-86
85        android:debuggable="true"
86        android:icon="@drawable/ic_launcher"
86-->src\main\AndroidManifest.xml:11:9-45
87        android:label="@string/app_name"
87-->src\main\AndroidManifest.xml:12:9-41
88        android:largeHeap="true"
88-->src\main\AndroidManifest.xml:13:9-33
89        android:networkSecurityConfig="@xml/network_security_config"
89-->src\main\AndroidManifest.xml:14:9-69
90        android:requestLegacyExternalStorage="true"
90-->src\main\AndroidManifest.xml:15:9-52
91        android:theme="@style/AppTheme"
91-->src\main\AndroidManifest.xml:18:9-40
92        android:usesCleartextTraffic="true" >
92-->src\main\AndroidManifest.xml:16:9-44
93        <activity
93-->src\main\AndroidManifest.xml:20:9-27:20
94            android:name="com.dq.itopic.activity.login.WelcomeActivity"
94-->src\main\AndroidManifest.xml:21:13-72
95            android:label="@string/app_name" >
95-->src\main\AndroidManifest.xml:22:13-45
96            <intent-filter>
96-->src\main\AndroidManifest.xml:23:13-26:29
97                <action android:name="android.intent.action.MAIN" />
97-->src\main\AndroidManifest.xml:24:17-69
97-->src\main\AndroidManifest.xml:24:25-66
98
99                <category android:name="android.intent.category.LAUNCHER" />
99-->src\main\AndroidManifest.xml:25:17-77
99-->src\main\AndroidManifest.xml:25:27-74
100            </intent-filter>
101        </activity>
102        <activity
102-->src\main\AndroidManifest.xml:29:9-35:20
103            android:name="com.dq.itopic.activity.common.MainActivity"
103-->src\main\AndroidManifest.xml:30:13-70
104            android:configChanges="orientation|keyboardHidden|screenSize"
104-->src\main\AndroidManifest.xml:33:13-74
105            android:launchMode="singleTask"
105-->src\main\AndroidManifest.xml:31:13-44
106            android:screenOrientation="portrait"
106-->src\main\AndroidManifest.xml:32:13-49
107            android:windowSoftInputMode="stateHidden|adjustPan" >
107-->src\main\AndroidManifest.xml:34:13-64
108        </activity>
109        <activity
109-->src\main\AndroidManifest.xml:37:9-39:52
110            android:name="com.dq.itopic.activity.chat.call.SingleCallActivity"
110-->src\main\AndroidManifest.xml:38:13-79
111            android:screenOrientation="portrait" />
111-->src\main\AndroidManifest.xml:39:13-49
112        <activity
112-->src\main\AndroidManifest.xml:40:9-42:52
113            android:name="com.dq.itopic.activity.chat.search.SearchTagActivity"
113-->src\main\AndroidManifest.xml:41:13-80
114            android:screenOrientation="portrait" />
114-->src\main\AndroidManifest.xml:42:13-49
115        <activity
115-->src\main\AndroidManifest.xml:43:9-45:52
116            android:name="com.dq.itopic.activity.chat.search.UserListActivity"
116-->src\main\AndroidManifest.xml:44:13-79
117            android:screenOrientation="portrait" />
117-->src\main\AndroidManifest.xml:45:13-49
118        <activity
118-->src\main\AndroidManifest.xml:46:9-49:52
119            android:name="com.dq.itopic.activity.chat.ChatActivity"
119-->src\main\AndroidManifest.xml:47:13-68
120            android:launchMode="singleTask"
120-->src\main\AndroidManifest.xml:48:13-44
121            android:screenOrientation="portrait" />
121-->src\main\AndroidManifest.xml:49:13-49
122        <activity
122-->src\main\AndroidManifest.xml:51:9-53:52
123            android:name="com.dq.itopic.activity.user.PersonalHomeActivity"
123-->src\main\AndroidManifest.xml:52:13-76
124            android:screenOrientation="portrait" />
124-->src\main\AndroidManifest.xml:53:13-49
125        <activity
125-->src\main\AndroidManifest.xml:55:9-57:52
126            android:name="com.dq.itopic.activity.mine.setting.BlacklistActivity"
126-->src\main\AndroidManifest.xml:56:13-81
127            android:screenOrientation="portrait" />
127-->src\main\AndroidManifest.xml:57:13-49
128        <activity
128-->src\main\AndroidManifest.xml:58:9-61:67
129            android:name="com.dq.itopic.activity.user.WarningReportActivity"
129-->src\main\AndroidManifest.xml:59:13-77
130            android:screenOrientation="portrait"
130-->src\main\AndroidManifest.xml:60:13-49
131            android:windowSoftInputMode="stateHidden|adjustPan" />
131-->src\main\AndroidManifest.xml:61:13-64
132        <activity
132-->src\main\AndroidManifest.xml:62:9-64:52
133            android:name="com.dq.itopic.activity.common.WebViewActivity"
133-->src\main\AndroidManifest.xml:63:13-73
134            android:screenOrientation="portrait" />
134-->src\main\AndroidManifest.xml:64:13-49
135        <activity
135-->src\main\AndroidManifest.xml:65:9-67:52
136            android:name="com.dq.itopic.activity.login.UserFindPasswordActivity"
136-->src\main\AndroidManifest.xml:66:13-81
137            android:screenOrientation="portrait" />
137-->src\main\AndroidManifest.xml:67:13-49
138        <activity
138-->src\main\AndroidManifest.xml:68:9-71:67
139            android:name="com.dq.itopic.activity.login.UserRegInfoPersonalActivity"
139-->src\main\AndroidManifest.xml:69:13-84
140            android:screenOrientation="portrait"
140-->src\main\AndroidManifest.xml:70:13-49
141            android:windowSoftInputMode="stateHidden|adjustPan" />
141-->src\main\AndroidManifest.xml:71:13-64
142        <activity
142-->src\main\AndroidManifest.xml:72:9-74:52
143            android:name="com.dq.itopic.activity.mine.edit.EditTextActivity"
143-->src\main\AndroidManifest.xml:73:13-77
144            android:screenOrientation="portrait" />
144-->src\main\AndroidManifest.xml:74:13-49
145        <activity
145-->src\main\AndroidManifest.xml:75:9-77:52
146            android:name="com.dq.itopic.activity.mine.edit.MyProfileEditActivity"
146-->src\main\AndroidManifest.xml:76:13-82
147            android:screenOrientation="portrait" />
147-->src\main\AndroidManifest.xml:77:13-49
148        <activity
148-->src\main\AndroidManifest.xml:78:9-80:52
149            android:name="com.dq.itopic.activity.mine.setting.MineSystemPasswordActivity"
149-->src\main\AndroidManifest.xml:79:13-90
150            android:screenOrientation="portrait" />
150-->src\main\AndroidManifest.xml:80:13-49
151        <activity
151-->src\main\AndroidManifest.xml:81:9-83:52
152            android:name="com.dq.itopic.activity.login.UserOpinionActivity"
152-->src\main\AndroidManifest.xml:82:13-76
153            android:screenOrientation="portrait" />
153-->src\main\AndroidManifest.xml:83:13-49
154        <activity
154-->src\main\AndroidManifest.xml:84:9-86:52
155            android:name="com.dq.itopic.activity.mine.setting.AboutUsActivity"
155-->src\main\AndroidManifest.xml:85:13-79
156            android:screenOrientation="portrait" />
156-->src\main\AndroidManifest.xml:86:13-49
157        <activity
157-->src\main\AndroidManifest.xml:87:9-89:52
158            android:name="com.dq.itopic.activity.mine.setting.MineSystemActivity"
158-->src\main\AndroidManifest.xml:88:13-82
159            android:screenOrientation="portrait" />
159-->src\main\AndroidManifest.xml:89:13-49
160        <activity
160-->src\main\AndroidManifest.xml:90:9-92:52
161            android:name="com.dq.itopic.activity.login.UserLoginActivity"
161-->src\main\AndroidManifest.xml:91:13-74
162            android:screenOrientation="portrait" />
162-->src\main\AndroidManifest.xml:92:13-49
163        <activity
163-->src\main\AndroidManifest.xml:93:9-97:67
164            android:name="com.dq.itopic.activity.login.UserRegMobileActivity"
164-->src\main\AndroidManifest.xml:94:13-78
165            android:launchMode="singleTask"
165-->src\main\AndroidManifest.xml:95:13-44
166            android:screenOrientation="portrait"
166-->src\main\AndroidManifest.xml:96:13-49
167            android:windowSoftInputMode="stateHidden|adjustPan" />
167-->src\main\AndroidManifest.xml:97:13-64
168
169        <uses-library
169-->src\main\AndroidManifest.xml:99:9-100:78
170            android:name="org.apache.http.legacy"
170-->src\main\AndroidManifest.xml:100:13-50
171            android:required="false" />
171-->src\main\AndroidManifest.xml:100:51-75
172
173        <!-- Umeng Analytics end -->
174
175
176        <!-- 个推SDK 开始 -->
177        <meta-data
178            android:name="PUSH_APPID"
178-->src\main\AndroidManifest.xml:107:13-38
179            android:value="JjRS35nTSP9k7ZSBKt8DM6" />
179-->src\main\AndroidManifest.xml:108:13-44
180        <meta-data
181            android:name="PUSH_APPKEY"
181-->src\main\AndroidManifest.xml:110:13-39
182            android:value="AQngfBxi8pATf95ENg2Kj9" />
182-->src\main\AndroidManifest.xml:111:13-45
183        <meta-data
184            android:name="PUSH_APPSECRET"
184-->src\main\AndroidManifest.xml:113:13-42
185            android:value="G6gnMrlBs06cBY9lqyL5V" />
185-->src\main\AndroidManifest.xml:114:13-48
186
187        <service
187-->src\main\AndroidManifest.xml:116:9-121:45
188            android:name="com.igexin.sdk.PushService"
188-->src\main\AndroidManifest.xml:117:13-54
189            android:exported="false"
189-->src\main\AndroidManifest.xml:119:13-37
190            android:label="NotificationCenter"
190-->src\main\AndroidManifest.xml:120:13-47
191            android:permission="android.permission.BIND_JOB_SERVICE"
191-->src\main\AndroidManifest.xml:118:13-69
192            android:process=":pushservice" />
192-->src\main\AndroidManifest.xml:121:13-43
193
194        <receiver android:name="com.igexin.sdk.PushReceiver" >
194-->src\main\AndroidManifest.xml:123:9-133:20
194-->src\main\AndroidManifest.xml:123:19-61
195            <intent-filter>
195-->src\main\AndroidManifest.xml:124:13-132:29
196                <action android:name="android.intent.action.BOOT_COMPLETED" />
196-->src\main\AndroidManifest.xml:125:17-79
196-->src\main\AndroidManifest.xml:125:25-76
197                <action android:name="android.net.conn.CONNECTIVITY_CHANGE" />
197-->src\main\AndroidManifest.xml:126:17-79
197-->src\main\AndroidManifest.xml:126:25-76
198                <action android:name="android.intent.action.USER_PRESENT" />
198-->src\main\AndroidManifest.xml:127:17-77
198-->src\main\AndroidManifest.xml:127:25-74
199                <!-- 以下三项为可选的 action 声明，有助于提高 service 存活率 -->
200                <action android:name="android.intent.action.MEDIA_MOUNTED" />
200-->src\main\AndroidManifest.xml:129:17-78
200-->src\main\AndroidManifest.xml:129:25-75
201                <action android:name="android.intent.action.ACTION_POWER_CONNECTED" />
201-->src\main\AndroidManifest.xml:130:17-87
201-->src\main\AndroidManifest.xml:130:25-84
202                <action android:name="android.intent.action.ACTION_POWER_DISCONNECTED" />
202-->src\main\AndroidManifest.xml:131:17-90
202-->src\main\AndroidManifest.xml:131:25-87
203            </intent-filter>
204        </receiver>
205
206        <activity
206-->src\main\AndroidManifest.xml:135:9-142:20
207            android:name="com.igexin.sdk.PushActivity"
207-->src\main\AndroidManifest.xml:136:13-55
208            android:excludeFromRecents="true"
208-->src\main\AndroidManifest.xml:137:13-46
209            android:exported="false"
209-->src\main\AndroidManifest.xml:138:13-37
210            android:process=":pushservice"
210-->src\main\AndroidManifest.xml:139:13-43
211            android:taskAffinity="com.igexin.sdk.PushActivityTask"
211-->src\main\AndroidManifest.xml:140:13-67
212            android:theme="@android:style/Theme.Translucent.NoTitleBar" >
212-->src\main\AndroidManifest.xml:141:13-72
213        </activity>
214        <activity
214-->src\main\AndroidManifest.xml:144:9-150:74
215            android:name="com.igexin.sdk.GActivity"
215-->src\main\AndroidManifest.xml:145:13-52
216            android:excludeFromRecents="true"
216-->src\main\AndroidManifest.xml:146:13-46
217            android:exported="true"
217-->src\main\AndroidManifest.xml:147:13-36
218            android:process=":pushservice"
218-->src\main\AndroidManifest.xml:148:13-43
219            android:taskAffinity="com.igexin.sdk.PushActivityTask"
219-->src\main\AndroidManifest.xml:149:13-67
220            android:theme="@android:style/Theme.Translucent.NoTitleBar" />
220-->src\main\AndroidManifest.xml:150:13-72
221
222        <!-- 用户自定义服务继承自GTIntentService,作为SDK与APP桥梁服务,用来接收各种消息和命令回复 -->
223        <service
223-->src\main\AndroidManifest.xml:153:9-154:71
224            android:name="com.dq.itopic.tools.service.GetuiIntentService"
224-->src\main\AndroidManifest.xml:153:18-79
225            android:permission="android.permission.BIND_JOB_SERVICE" />
225-->src\main\AndroidManifest.xml:154:13-69
226
227        <!-- 用户自定义服务名 -->
228        <service
228-->src\main\AndroidManifest.xml:157:9-162:19
229            android:name="com.dq.itopic.tools.service.GetuiPushService"
229-->src\main\AndroidManifest.xml:158:13-72
230            android:exported="true"
230-->src\main\AndroidManifest.xml:159:13-36
231            android:label="PushService"
231-->src\main\AndroidManifest.xml:160:13-40
232            android:process=":pushservice" >
232-->src\main\AndroidManifest.xml:161:13-43
233        </service>
234        <!-- 个推SDK 结束 -->
235
236
237        <!-- 华为推送SDK 开始 -->
238        <service
238-->src\main\AndroidManifest.xml:166:9-172:19
239            android:name="com.dq.itopic.tools.service.ITopicHWPushService"
239-->src\main\AndroidManifest.xml:167:13-75
240            android:exported="false" >
240-->src\main\AndroidManifest.xml:168:13-37
241            <intent-filter>
241-->src\main\AndroidManifest.xml:169:13-171:29
242                <action android:name="com.huawei.push.action.MESSAGING_EVENT" />
242-->src\main\AndroidManifest.xml:170:17-81
242-->src\main\AndroidManifest.xml:170:25-78
243            </intent-filter>
244        </service>
245
246        <!-- 用于HMSSDK引导升级HMS APK，提供给系统安装器读取升级文件 -->
247        <provider
247-->src\main\AndroidManifest.xml:175:9-180:20
248            android:name="com.huawei.hms.update.provider.UpdateProvider"
248-->src\main\AndroidManifest.xml:176:13-73
249            android:authorities="com.dq.itopic.hms.update.provider"
249-->src\main\AndroidManifest.xml:177:13-68
250            android:exported="false"
250-->src\main\AndroidManifest.xml:178:13-37
251            android:grantUriPermissions="true" >
251-->src\main\AndroidManifest.xml:179:13-47
252        </provider>
253
254        <!-- 如果应用需要在非华为设备上使用华为推送，仅需要声明HmsMsgService -->
255        <service
255-->src\main\AndroidManifest.xml:183:9-192:19
256            android:name="com.huawei.hms.support.api.push.service.HmsMsgService"
256-->src\main\AndroidManifest.xml:184:13-81
257            android:directBootAware="true"
257-->[com.huawei.hms:push:5.0.4.302] AndroidManifest.xml:54:13-43
258            android:enabled="true"
258-->src\main\AndroidManifest.xml:185:13-35
259            android:exported="true"
259-->src\main\AndroidManifest.xml:186:13-36
260            android:process=":pushservice" >
260-->src\main\AndroidManifest.xml:187:13-43
261            <intent-filter>
261-->src\main\AndroidManifest.xml:188:13-191:29
262                <action android:name="com.huawei.push.msg.NOTIFY_MSG" />
262-->src\main\AndroidManifest.xml:189:17-73
262-->src\main\AndroidManifest.xml:189:25-70
263                <action android:name="com.huawei.push.msg.PASSBY_MSG" />
263-->src\main\AndroidManifest.xml:190:17-73
263-->src\main\AndroidManifest.xml:190:25-70
264            </intent-filter>
265        </service>
266        <!-- 华为推送SDK 结束 -->
267
268
269        <!-- 重点关注！！！！！！！ -->
270        <!-- 如果不需要使用窗口模式，不要使用authsdk_activity_dialog主题，会出现异常动画 -->
271        <!--
272        如果需要使用authsdk_activity_dialog主题，则screenOrientation一定不能指定明确的方向，
273        比如portrait、sensorPortrait，在8.0的系统上不允许窗口模式指定orientation，会发生crash，需要指定为behind，
274        然后在授权页的前一个页面指定具体的orientation
275        -->
276        <activity
276-->[umeng-uverify-2.4.0.aar] AndroidManifest.xml:32:9-38:62
277            android:name="com.mobile.auth.gatewayauth.LoginAuthActivity"
277-->[umeng-uverify-2.4.0.aar] AndroidManifest.xml:33:13-73
278            android:configChanges="orientation|keyboardHidden|screenSize"
278-->[umeng-uverify-2.4.0.aar] AndroidManifest.xml:34:13-74
279            android:exported="false"
279-->[umeng-uverify-2.4.0.aar] AndroidManifest.xml:35:13-37
280            android:launchMode="singleTop"
280-->[umeng-uverify-2.4.0.aar] AndroidManifest.xml:36:13-43
281            android:screenOrientation="behind"
281-->[umeng-uverify-2.4.0.aar] AndroidManifest.xml:37:13-47
282            android:theme="@style/authsdk_activity_dialog" />
282-->[umeng-uverify-2.4.0.aar] AndroidManifest.xml:38:13-59
283        <activity
283-->[umeng-uverify-2.4.0.aar] AndroidManifest.xml:39:9-44:50
284            android:name="com.mobile.auth.gatewayauth.activity.AuthWebVeiwActivity"
284-->[umeng-uverify-2.4.0.aar] AndroidManifest.xml:40:13-84
285            android:configChanges="orientation|keyboardHidden|screenSize"
285-->[umeng-uverify-2.4.0.aar] AndroidManifest.xml:41:13-74
286            android:exported="false"
286-->[umeng-uverify-2.4.0.aar] AndroidManifest.xml:42:13-37
287            android:launchMode="singleTop"
287-->[umeng-uverify-2.4.0.aar] AndroidManifest.xml:43:13-43
288            android:screenOrientation="behind" />
288-->[umeng-uverify-2.4.0.aar] AndroidManifest.xml:44:13-47
289        <activity
289-->[umeng-uverify-2.4.0.aar] AndroidManifest.xml:45:9-51:62
290            android:name="com.cmic.sso.sdk.activity.LoginAuthActivity"
290-->[umeng-uverify-2.4.0.aar] AndroidManifest.xml:46:13-71
291            android:configChanges="orientation|keyboardHidden|screenSize"
291-->[umeng-uverify-2.4.0.aar] AndroidManifest.xml:47:13-74
292            android:exported="false"
292-->[umeng-uverify-2.4.0.aar] AndroidManifest.xml:48:13-37
293            android:launchMode="singleTop"
293-->[umeng-uverify-2.4.0.aar] AndroidManifest.xml:49:13-43
294            android:screenOrientation="behind"
294-->[umeng-uverify-2.4.0.aar] AndroidManifest.xml:50:13-47
295            android:theme="@style/authsdk_activity_dialog" />
295-->[umeng-uverify-2.4.0.aar] AndroidManifest.xml:51:13-59
296        <activity
296-->[pub.devrel:easypermissions:3.0.0] AndroidManifest.xml:12:9-16:66
297            android:name="pub.devrel.easypermissions.AppSettingsDialogHolderActivity"
297-->[pub.devrel:easypermissions:3.0.0] AndroidManifest.xml:13:13-86
298            android:exported="false"
298-->[pub.devrel:easypermissions:3.0.0] AndroidManifest.xml:14:13-37
299            android:label=""
299-->[pub.devrel:easypermissions:3.0.0] AndroidManifest.xml:15:13-29
300            android:theme="@style/EasyPermissions.Transparent" />
300-->[pub.devrel:easypermissions:3.0.0] AndroidManifest.xml:16:13-63
301        <activity
301-->[com.github.SherlockGougou:BigImageViewPager:androidx-6.1.1] AndroidManifest.xml:17:9-19:57
302            android:name="cc.shinichi.library.view.ImagePreviewActivity"
302-->[com.github.SherlockGougou:BigImageViewPager:androidx-6.1.1] AndroidManifest.xml:18:13-73
303            android:theme="@style/Theme.ImagePreview" />
303-->[com.github.SherlockGougou:BigImageViewPager:androidx-6.1.1] AndroidManifest.xml:19:13-54
304
305        <meta-data
305-->[com.github.bumptech.glide:okhttp3-integration:4.11.0] AndroidManifest.xml:11:9-13:43
306            android:name="com.bumptech.glide.integration.okhttp3.OkHttpGlideModule"
306-->[com.github.bumptech.glide:okhttp3-integration:4.11.0] AndroidManifest.xml:12:13-84
307            android:value="GlideModule" />
307-->[com.github.bumptech.glide:okhttp3-integration:4.11.0] AndroidManifest.xml:13:13-40
308
309        <provider
309-->[com.github.LuckSiege.PictureSelector:picture_library:v2.6.0] AndroidManifest.xml:25:9-33:20
310            android:name="com.luck.picture.lib.PictureFileProvider"
310-->[com.github.LuckSiege.PictureSelector:picture_library:v2.6.0] AndroidManifest.xml:26:13-68
311            android:authorities="com.dq.itopic.provider"
311-->[com.github.LuckSiege.PictureSelector:picture_library:v2.6.0] AndroidManifest.xml:27:13-60
312            android:exported="false"
312-->[com.github.LuckSiege.PictureSelector:picture_library:v2.6.0] AndroidManifest.xml:28:13-37
313            android:grantUriPermissions="true" >
313-->[com.github.LuckSiege.PictureSelector:picture_library:v2.6.0] AndroidManifest.xml:29:13-47
314            <meta-data
314-->[com.github.LuckSiege.PictureSelector:picture_library:v2.6.0] AndroidManifest.xml:30:13-32:54
315                android:name="android.support.FILE_PROVIDER_PATHS"
315-->[com.github.LuckSiege.PictureSelector:picture_library:v2.6.0] AndroidManifest.xml:31:17-67
316                android:resource="@xml/file_paths" />
316-->[com.github.LuckSiege.PictureSelector:picture_library:v2.6.0] AndroidManifest.xml:32:17-51
317        </provider>
318
319        <activity
319-->[com.github.LuckSiege.PictureSelector:picture_library:v2.6.0] AndroidManifest.xml:35:9-37:77
320            android:name="com.luck.picture.lib.PictureSelectorActivity"
320-->[com.github.LuckSiege.PictureSelector:picture_library:v2.6.0] AndroidManifest.xml:36:13-72
321            android:configChanges="orientation|keyboardHidden|screenSize" />
321-->[com.github.LuckSiege.PictureSelector:picture_library:v2.6.0] AndroidManifest.xml:37:13-74
322        <activity
322-->[com.github.LuckSiege.PictureSelector:picture_library:v2.6.0] AndroidManifest.xml:38:9-40:77
323            android:name="com.luck.picture.lib.PictureSelectorWeChatStyleActivity"
323-->[com.github.LuckSiege.PictureSelector:picture_library:v2.6.0] AndroidManifest.xml:39:13-83
324            android:configChanges="orientation|keyboardHidden|screenSize" />
324-->[com.github.LuckSiege.PictureSelector:picture_library:v2.6.0] AndroidManifest.xml:40:13-74
325        <activity
325-->[com.github.LuckSiege.PictureSelector:picture_library:v2.6.0] AndroidManifest.xml:41:9-44:64
326            android:name="com.luck.picture.lib.PictureSelectorCameraEmptyActivity"
326-->[com.github.LuckSiege.PictureSelector:picture_library:v2.6.0] AndroidManifest.xml:42:13-83